\BOOKMARK [1][-]{section.1}{\376\377\000I\000n\000t\000r\000o\000d\000u\000c\000c\000i\000\363\000n\000\040\000a\000\040\000l\000o\000s\000\040\000d\000a\000t\000o\000s}{}% 1
\BOOKMARK [1][-]{section.2}{\376\377\000M\000e\000t\000o\000d\000o\000l\000o\000g\000\355\000a}{}% 2
\BOOKMARK [2][-]{subsection.2.1}{\376\377\000K\000-\000m\000e\000a\000n\000s}{section.2}% 3
\BOOKMARK [2][-]{subsection.2.2}{\376\377\000D\000B\000S\000C\000A\000N}{section.2}% 4
\BOOKMARK [2][-]{subsection.2.3}{\376\377\000D\000i\000s\000t\000a\000n\000c\000i\000a\000\040\000e\000u\000c\000l\000i\000d\000i\000a\000n\000a}{section.2}% 5
\BOOKMARK [2][-]{subsection.2.4}{\376\377\000D\000i\000s\000t\000a\000n\000c\000i\000a\000\040\000D\000T\000W}{section.2}% 6
\BOOKMARK [2][-]{subsection.2.5}{\376\377\000D\000i\000s\000t\000a\000n\000c\000i\000a\000\040\000M\000S\000M}{section.2}% 7
\BOOKMARK [1][-]{section.3}{\376\377\000R\000e\000s\000u\000l\000t\000a\000d\000o\000s}{}% 8
\BOOKMARK [2][-]{subsection.3.1}{\376\377\000D\000B\000S\000C\000A\000N\000\040\000d\000i\000s\000t\000a\000n\000c\000i\000a\000\040\000e\000u\000c\000l\000i\000d\000i\000a\000n\000a}{section.3}% 9
\BOOKMARK [3][-]{subsubsection.3.1.1}{\376\377\000G\000r\000\341\000f\000i\000c\000o\000\040\000p\000a\000r\000a\000\040\000e\000s\000c\000o\000g\000e\000r\000\040\000\351\000p\000s\000i\000l\000o\000n}{subsection.3.1}% 10
\BOOKMARK [3][-]{subsubsection.3.1.2}{\376\377\000C\000l\000\372\000s\000t\000e\000r\000e\000s\000\040\000o\000b\000t\000e\000n\000i\000d\000o\000s\000\040\000y\000\040\000v\000i\000s\000u\000a\000l\000i\000z\000a\000c\000i\000\363\000n}{subsection.3.1}% 11
\BOOKMARK [3][-]{subsubsection.3.1.3}{\376\377\000M\000a\000p\000a\000\040\000d\000e\000\040\000l\000o\000s\000\040\000c\000l\000\372\000s\000t\000e\000r\000e\000s}{subsection.3.1}% 12
\BOOKMARK [2][-]{subsection.3.2}{\376\377\000D\000B\000S\000C\000A\000N\000\040\000d\000i\000s\000t\000a\000n\000c\000i\000a\000\040\000D\000T\000W}{section.3}% 13
\BOOKMARK [3][-]{subsubsection.3.2.1}{\376\377\000G\000r\000\341\000f\000i\000c\000o\000\040\000p\000a\000r\000a\000\040\000e\000s\000c\000o\000g\000e\000r\000\040\000\351\000p\000s\000i\000l\000o\000n}{subsection.3.2}% 14
\BOOKMARK [3][-]{subsubsection.3.2.2}{\376\377\000C\000l\000\372\000s\000t\000e\000r\000e\000s\000\040\000o\000b\000t\000e\000n\000i\000d\000o\000s\000\040\000y\000\040\000v\000i\000s\000u\000a\000l\000i\000z\000a\000c\000i\000\363\000n}{subsection.3.2}% 15
\BOOKMARK [3][-]{subsubsection.3.2.3}{\376\377\000M\000a\000p\000a\000\040\000d\000e\000\040\000l\000o\000s\000\040\000c\000l\000\372\000s\000t\000e\000r\000e\000s}{subsection.3.2}% 16
\BOOKMARK [2][-]{subsection.3.3}{\376\377\000D\000B\000S\000C\000A\000N\000\040\000d\000i\000s\000t\000a\000n\000c\000i\000a\000\040\000M\000S\000M}{section.3}% 17
\BOOKMARK [3][-]{subsubsection.3.3.1}{\376\377\000G\000r\000\341\000f\000i\000c\000o\000\040\000p\000a\000r\000a\000\040\000e\000s\000c\000o\000g\000e\000r\000\040\000\351\000p\000s\000i\000l\000o\000n}{subsection.3.3}% 18
\BOOKMARK [3][-]{subsubsection.3.3.2}{\376\377\000C\000l\000\372\000s\000t\000e\000r\000e\000s\000\040\000o\000b\000t\000e\000n\000i\000d\000o\000s\000\040\000y\000\040\000v\000i\000s\000u\000a\000l\000i\000z\000a\000c\000i\000\363\000n}{subsection.3.3}% 19
\BOOKMARK [3][-]{subsubsection.3.3.3}{\376\377\000M\000a\000p\000a\000\040\000d\000e\000\040\000l\000o\000s\000\040\000c\000l\000\372\000s\000t\000e\000r\000e\000s}{subsection.3.3}% 20
\BOOKMARK [2][-]{subsection.3.4}{\376\377\000K\000-\000m\000e\000a\000n\000s\000\040\000d\000i\000s\000t\000a\000n\000c\000i\000a\000\040\000e\000u\000c\000l\000i\000d\000i\000a\000n\000a}{section.3}% 21
\BOOKMARK [3][-]{subsubsection.3.4.1}{\376\377\000G\000r\000\341\000f\000i\000c\000o\000\040\000p\000a\000r\000a\000\040\000e\000s\000c\000o\000g\000e\000r\000\040\000k}{subsection.3.4}% 22
\BOOKMARK [3][-]{subsubsection.3.4.2}{\376\377\000c\000l\000u\000s\000t\000e\000r\000e\000s\000\040\000o\000b\000t\000e\000n\000i\000d\000o\000s\000\040\000y\000\040\000v\000i\000s\000u\000a\000l\000i\000z\000a\000c\000i\000\363\000n}{subsection.3.4}% 23
\BOOKMARK [3][-]{subsubsection.3.4.3}{\376\377\000m\000a\000p\000a\000\040\000d\000e\000\040\000l\000o\000s\000\040\000c\000l\000u\000s\000t\000e\000r\000e\000s}{subsection.3.4}% 24
\BOOKMARK [2][-]{subsection.3.5}{\376\377\000K\000-\000m\000e\000a\000n\000s\000\040\000\050\000D\000T\000W\000\051\000:}{section.3}% 25
\BOOKMARK [3][-]{subsubsection.3.5.1}{\376\377\000G\000r\000\341\000f\000i\000c\000o\000\040\000p\000a\000r\000a\000\040\000e\000s\000c\000o\000g\000e\000r\000\040\000k}{subsection.3.5}% 26
\BOOKMARK [3][-]{subsubsection.3.5.2}{\376\377\000c\000l\000u\000s\000t\000e\000r\000e\000s\000\040\000o\000b\000t\000e\000n\000i\000d\000o\000s\000\040\000y\000\040\000v\000i\000s\000u\000a\000l\000i\000z\000a\000c\000i\000\363\000n}{subsection.3.5}% 27
\BOOKMARK [3][-]{subsubsection.3.5.3}{\376\377\000m\000a\000p\000a\000\040\000d\000e\000\040\000l\000o\000s\000\040\000c\000l\000u\000s\000t\000e\000r\000e\000s}{subsection.3.5}% 28
\BOOKMARK [2][-]{subsection.3.6}{\376\377\000K\000-\000m\000e\000a\000n\000s\000\040\000d\000i\000s\000t\000a\000n\000c\000i\000a\000\040\000M\000S\000M}{section.3}% 29
\BOOKMARK [3][-]{subsubsection.3.6.1}{\376\377\000G\000r\000\341\000f\000i\000c\000o\000\040\000p\000a\000r\000a\000\040\000e\000s\000c\000o\000g\000e\000r\000\040\000k}{subsection.3.6}% 30
\BOOKMARK [3][-]{subsubsection.3.6.2}{\376\377\000c\000l\000u\000s\000t\000e\000r\000e\000s\000\040\000o\000b\000t\000e\000n\000i\000d\000o\000s\000\040\000y\000\040\000v\000i\000s\000u\000a\000l\000i\000z\000a\000c\000i\000\363\000n}{subsection.3.6}% 31
\BOOKMARK [3][-]{subsubsection.3.6.3}{\376\377\000M\000a\000p\000a\000\040\000d\000e\000\040\000l\000o\000s\000\040\000c\000l\000\372\000s\000t\000e\000r\000e\000s}{subsection.3.6}% 32
\BOOKMARK [1][-]{section.4}{\376\377\000R\000e\000p\000r\000e\000s\000e\000n\000t\000a\000c\000i\000\363\000n\000\040\000d\000e\000\040\000l\000o\000s\000\040\000r\000e\000s\000u\000l\000t\000a\000d\000o\000s\000\040\000c\000o\000n\000\040\000g\000r\000\341\000f\000o\000s}{}% 33
\BOOKMARK [1][-]{section.5}{\376\377\000C\000o\000n\000c\000l\000u\000s\000i\000o\000n\000e\000s}{}% 34
\BOOKMARK [1][-]{section.6}{\376\377\000R\000e\000f\000e\000r\000e\000n\000c\000i\000a\000s}{}% 35
\BOOKMARK [1][-]{section*.2}{\376\377\000R\000e\000f\000e\000r\000e\000n\000c\000i\000a\000s}{}% 36
